2025-08-07 08:47:48 - Main plugin file: plugins_loaded action triggered
2025-08-07 08:47:48 - Main plugin file: Plugin class found, initializing...
2025-08-07 08:47:48 - FormHandler: Checking for form submission...
2025-08-07 08:47:48 - FormHandler: No action found in POST data
2025-08-07 08:48:17 - Main plugin file: plugins_loaded action triggered
2025-08-07 08:48:17 - Main plugin file: Plugin class found, initializing...
2025-08-07 08:48:18 - FormHandler: Checking for form submission...
2025-08-07 08:48:18 - FormHandler: No action found in POST data
2025-08-07 08:49:21 - Main plugin file: plugins_loaded action triggered
2025-08-07 08:49:21 - Main plugin file: Plugin class found, initializing...
2025-08-07 08:49:21 - FormHandler: Checking for form submission...
2025-08-07 08:49:21 - FormHandler: No action found in POST data
2025-08-07 08:49:28 - Main plugin file: plugins_loaded action triggered
2025-08-07 08:49:28 - Main plugin file: Plugin class found, initializing...
2025-08-07 08:49:28 - FormHandler: Checking for form submission...
2025-08-07 08:49:28 - Starting shipment creation...
2025-08-07 08:49:29 - API Response: stdClass Object
(
    [Transaction] => 
    [Notifications] => stdClass Object
        (
            [Notification] => stdClass Object
                (
                    [Code] => REQ03
                    [Message] => ClientInfo.UserName - UserName is empty
                )

        )

    [HasErrors] => 1
    [Shipments] => stdClass Object
        (
        )

)

2025-08-07 08:49:29 - FormHandler: Checking for form submission...
2025-08-07 08:49:29 - Starting shipment creation...
2025-08-07 08:49:29 - API Response: stdClass Object
(
    [Transaction] => 
    [Notifications] => stdClass Object
        (
            [Notification] => stdClass Object
                (
                    [Code] => REQ03
                    [Message] => ClientInfo.UserName - UserName is empty
                )

        )

    [HasErrors] => 1
    [Shipments] => stdClass Object
        (
        )

)

2025-08-07 08:49:30 - Main plugin file: plugins_loaded action triggered
2025-08-07 08:49:30 - Main plugin file: Plugin class found, initializing...
2025-08-07 08:49:30 - Main plugin file: plugins_loaded action triggered
2025-08-07 08:49:30 - Main plugin file: Plugin class found, initializing...
2025-08-07 08:49:48 - Main plugin file: plugins_loaded action triggered
2025-08-07 08:49:48 - Main plugin file: Plugin class found, initializing...
2025-08-07 08:49:48 - FormHandler: Checking for form submission...
2025-08-07 08:49:48 - FormHandler: No action found in POST data
2025-08-07 08:50:34 - Main plugin file: plugins_loaded action triggered
2025-08-07 08:50:34 - Main plugin file: Plugin class found, initializing...
2025-08-07 08:50:34 - FormHandler: Checking for form submission...
2025-08-07 08:50:34 - FormHandler: No action found in POST data
2025-08-07 08:51:27 - Main plugin file: plugins_loaded action triggered
2025-08-07 08:51:27 - Main plugin file: Plugin class found, initializing...
2025-08-07 08:51:28 - FormHandler: Checking for form submission...
2025-08-07 08:51:28 - FormHandler: No action found in POST data
2025-08-07 08:51:28 - FormHandler: Checking for form submission...
2025-08-07 08:51:28 - FormHandler: No action found in POST data
2025-08-07 08:51:28 - Main plugin file: plugins_loaded action triggered
2025-08-07 08:51:28 - Main plugin file: Plugin class found, initializing...
2025-08-07 08:51:29 - Main plugin file: plugins_loaded action triggered
2025-08-07 08:51:29 - Main plugin file: Plugin class found, initializing...
2025-08-07 08:51:40 - Main plugin file: plugins_loaded action triggered
2025-08-07 08:51:40 - Main plugin file: Plugin class found, initializing...
2025-08-07 08:51:40 - FormHandler: Checking for form submission...
2025-08-07 08:51:40 - Starting shipment creation...
2025-08-07 08:51:42 - API Response: stdClass Object
(
    [Transaction] => 
    [Notifications] => stdClass Object
        (
        )

    [HasErrors] => 1
    [Shipments] => stdClass Object
        (
            [ProcessedShipment] => stdClass Object
                (
                    [ID] => 
                    [Reference1] => 1608
                    [Reference2] => 
                    [Reference3] => 
                    [ForeignHAWB] => 
                    [HasErrors] => 1
                    [Notifications] => stdClass Object
                        (
                            [Notification] => Array
                                (
                                    [0] => stdClass Object
                                        (
                                            [Code] => ERR48
                                            [Message] => Destination Entity (MCT) is not allowed to receive one or more of these services (ARRAY)
                                        )

                                    [1] => stdClass Object
                                        (
                                            [Code] => ERR48
                                            [Message] => Origin Entity (MCT) is not allowed to send one or more of these services (ARRAY)
                                        )

                                    [2] => stdClass Object
                                        (
                                            [Code] => ERR48
                                            [Message] => Invalid combination selection for services/product type for (Array)
                                        )

                                )

                        )

                    [ShipmentLabel] => 
                    [ShipmentDetails] => 
                    [ShipmentAttachments] => stdClass Object
                        (
                        )

                )

        )

)

2025-08-07 08:51:42 - FormHandler: Checking for form submission...
2025-08-07 08:51:42 - Starting shipment creation...
2025-08-07 08:51:43 - API Response: stdClass Object
(
    [Transaction] => 
    [Notifications] => stdClass Object
        (
        )

    [HasErrors] => 1
    [Shipments] => stdClass Object
        (
            [ProcessedShipment] => stdClass Object
                (
                    [ID] => 
                    [Reference1] => 1608
                    [Reference2] => 
                    [Reference3] => 
                    [ForeignHAWB] => 
                    [HasErrors] => 1
                    [Notifications] => stdClass Object
                        (
                            [Notification] => Array
                                (
                                    [0] => stdClass Object
                                        (
                                            [Code] => ERR48
                                            [Message] => Destination Entity (MCT) is not allowed to receive one or more of these services (ARRAY)
                                        )

                                    [1] => stdClass Object
                                        (
                                            [Code] => ERR48
                                            [Message] => Origin Entity (MCT) is not allowed to send one or more of these services (ARRAY)
                                        )

                                    [2] => stdClass Object
                                        (
                                            [Code] => ERR48
                                            [Message] => Invalid combination selection for services/product type for (Array)
                                        )

                                )

                        )

                    [ShipmentLabel] => 
                    [ShipmentDetails] => 
                    [ShipmentAttachments] => stdClass Object
                        (
                        )

                )

        )

)

2025-08-07 08:51:44 - Main plugin file: plugins_loaded action triggered
2025-08-07 08:51:44 - Main plugin file: Plugin class found, initializing...
2025-08-07 08:51:45 - Main plugin file: plugins_loaded action triggered
2025-08-07 08:51:45 - Main plugin file: Plugin class found, initializing...
2025-08-07 08:51:48 - Main plugin file: plugins_loaded action triggered
2025-08-07 08:51:48 - Main plugin file: Plugin class found, initializing...
2025-08-07 08:51:48 - FormHandler: Checking for form submission...
2025-08-07 08:51:48 - FormHandler: No action found in POST data
2025-08-07 08:52:48 - Main plugin file: plugins_loaded action triggered
2025-08-07 08:52:48 - Main plugin file: Plugin class found, initializing...
2025-08-07 08:52:48 - Main plugin file: plugins_loaded action triggered
2025-08-07 08:52:48 - Main plugin file: Plugin class found, initializing...
2025-08-07 08:52:48 - FormHandler: Checking for form submission...
2025-08-07 08:52:48 - FormHandler: Checking for form submission...
2025-08-07 08:52:48 - FormHandler: No action found in POST data
2025-08-07 08:52:48 - FormHandler: No action found in POST data
2025-08-07 08:52:50 - Main plugin file: plugins_loaded action triggered
2025-08-07 08:52:50 - Main plugin file: Plugin class found, initializing...
2025-08-07 08:52:50 - FormHandler: Checking for form submission...
2025-08-07 08:52:50 - FormHandler: No action found in POST data
2025-08-07 08:52:50 - FormHandler: Checking for form submission...
2025-08-07 08:52:50 - FormHandler: No action found in POST data
2025-08-07 08:52:51 - Main plugin file: plugins_loaded action triggered
2025-08-07 08:52:51 - Main plugin file: Plugin class found, initializing...
2025-08-07 08:52:52 - Main plugin file: plugins_loaded action triggered
2025-08-07 08:52:52 - Main plugin file: Plugin class found, initializing...
2025-08-07 08:52:53 - Main plugin file: plugins_loaded action triggered
2025-08-07 08:52:53 - Main plugin file: Plugin class found, initializing...
2025-08-07 08:52:53 - Main plugin file: plugins_loaded action triggered
2025-08-07 08:52:53 - Main plugin file: Plugin class found, initializing...
2025-08-07 08:52:54 - Main plugin file: plugins_loaded action triggered
2025-08-07 08:52:54 - Main plugin file: Plugin class found, initializing...
2025-08-07 08:52:55 - Main plugin file: plugins_loaded action triggered
2025-08-07 08:52:55 - Main plugin file: Plugin class found, initializing...
2025-08-07 08:52:55 - Main plugin file: plugins_loaded action triggered
2025-08-07 08:52:55 - Main plugin file: Plugin class found, initializing...
2025-08-07 08:52:55 - Main plugin file: plugins_loaded action triggered
2025-08-07 08:52:55 - Main plugin file: Plugin class found, initializing...
2025-08-07 08:52:56 - Main plugin file: plugins_loaded action triggered
2025-08-07 08:52:56 - Main plugin file: Plugin class found, initializing...
2025-08-07 08:52:56 - Main plugin file: plugins_loaded action triggered
2025-08-07 08:52:56 - Main plugin file: Plugin class found, initializing...
2025-08-07 08:52:56 - Main plugin file: plugins_loaded action triggered
2025-08-07 08:52:56 - Main plugin file: Plugin class found, initializing...
2025-08-07 08:52:57 - FormHandler: Checking for form submission...
2025-08-07 08:52:57 - FormHandler: No action found in POST data
2025-08-07 08:53:56 - Main plugin file: plugins_loaded action triggered
2025-08-07 08:53:56 - Main plugin file: Plugin class found, initializing...
2025-08-07 08:53:56 - FormHandler: Checking for form submission...
2025-08-07 08:53:56 - FormHandler: No action found in POST data
2025-08-07 08:54:10 - Main plugin file: plugins_loaded action triggered
2025-08-07 08:54:10 - Main plugin file: Plugin class found, initializing...
2025-08-07 08:54:10 - FormHandler: Checking for form submission...
2025-08-07 08:54:10 - FormHandler: No action found in POST data
2025-08-07 08:54:15 - Main plugin file: plugins_loaded action triggered
2025-08-07 08:54:15 - Main plugin file: Plugin class found, initializing...
2025-08-07 08:54:16 - FormHandler: Checking for form submission...
2025-08-07 08:54:16 - Starting shipment creation...
2025-08-07 08:54:17 - API Response: stdClass Object
(
    [Transaction] => 
    [Notifications] => stdClass Object
        (
        )

    [HasErrors] => 1
    [Shipments] => stdClass Object
        (
            [ProcessedShipment] => stdClass Object
                (
                    [ID] => 
                    [Reference1] => 1608
                    [Reference2] => 
                    [Reference3] => 
                    [ForeignHAWB] => 
                    [HasErrors] => 1
                    [Notifications] => stdClass Object
                        (
                            [Notification] => Array
                                (
                                    [0] => stdClass Object
                                        (
                                            [Code] => ERR48
                                            [Message] => Destination Entity (MCT) is not allowed to receive one or more of these services (COMM)
                                        )

                                    [1] => stdClass Object
                                        (
                                            [Code] => ERR48
                                            [Message] => Origin Entity (MCT) is not allowed to send one or more of these services (COMM)
                                        )

                                )

                        )

                    [ShipmentLabel] => 
                    [ShipmentDetails] => 
                    [ShipmentAttachments] => stdClass Object
                        (
                        )

                )

        )

)

2025-08-07 08:54:17 - FormHandler: Checking for form submission...
2025-08-07 08:54:17 - Starting shipment creation...
2025-08-07 08:54:19 - API Response: stdClass Object
(
    [Transaction] => 
    [Notifications] => stdClass Object
        (
        )

    [HasErrors] => 1
    [Shipments] => stdClass Object
        (
            [ProcessedShipment] => stdClass Object
                (
                    [ID] => 
                    [Reference1] => 1608
                    [Reference2] => 
                    [Reference3] => 
                    [ForeignHAWB] => 
                    [HasErrors] => 1
                    [Notifications] => stdClass Object
                        (
                            [Notification] => Array
                                (
                                    [0] => stdClass Object
                                        (
                                            [Code] => ERR48
                                            [Message] => Destination Entity (MCT) is not allowed to receive one or more of these services (COMM)
                                        )

                                    [1] => stdClass Object
                                        (
                                            [Code] => ERR48
                                            [Message] => Origin Entity (MCT) is not allowed to send one or more of these services (COMM)
                                        )

                                )

                        )

                    [ShipmentLabel] => 
                    [ShipmentDetails] => 
                    [ShipmentAttachments] => stdClass Object
                        (
                        )

                )

        )

)

2025-08-07 08:54:20 - Main plugin file: plugins_loaded action triggered
2025-08-07 08:54:20 - Main plugin file: Plugin class found, initializing...
2025-08-07 08:54:20 - Main plugin file: plugins_loaded action triggered
2025-08-07 08:54:20 - Main plugin file: Plugin class found, initializing...
2025-08-07 08:54:56 - Main plugin file: plugins_loaded action triggered
2025-08-07 08:54:56 - Main plugin file: Plugin class found, initializing...
2025-08-07 08:54:56 - FormHandler: Checking for form submission...
2025-08-07 08:54:56 - FormHandler: No action found in POST data
2025-08-07 08:55:24 - Main plugin file: plugins_loaded action triggered
2025-08-07 08:55:24 - Main plugin file: Plugin class found, initializing...
2025-08-07 08:55:24 - FormHandler: Checking for form submission...
2025-08-07 08:55:24 - FormHandler: No action found in POST data
2025-08-07 08:56:56 - Main plugin file: plugins_loaded action triggered
2025-08-07 08:56:56 - Main plugin file: Plugin class found, initializing...
2025-08-07 08:56:57 - FormHandler: Checking for form submission...
2025-08-07 08:56:57 - FormHandler: No action found in POST data
2025-08-07 08:57:24 - Main plugin file: plugins_loaded action triggered
2025-08-07 08:57:24 - Main plugin file: Plugin class found, initializing...
2025-08-07 08:57:24 - FormHandler: Checking for form submission...
2025-08-07 08:57:24 - FormHandler: No action found in POST data
2025-08-07 08:57:30 - Main plugin file: plugins_loaded action triggered
2025-08-07 08:57:30 - Main plugin file: Plugin class found, initializing...
2025-08-07 08:57:31 - FormHandler: Checking for form submission...
2025-08-07 08:57:31 - FormHandler: No action found in POST data
2025-08-07 08:57:31 - FormHandler: Checking for form submission...
2025-08-07 08:57:31 - FormHandler: No action found in POST data
2025-08-07 08:57:31 - Main plugin file: plugins_loaded action triggered
2025-08-07 08:57:31 - Main plugin file: Plugin class found, initializing...
2025-08-07 08:57:32 - Main plugin file: plugins_loaded action triggered
2025-08-07 08:57:32 - Main plugin file: Plugin class found, initializing...
2025-08-07 08:57:47 - Main plugin file: plugins_loaded action triggered
2025-08-07 08:57:47 - Main plugin file: Plugin class found, initializing...
2025-08-07 08:57:48 - FormHandler: Checking for form submission...
2025-08-07 08:57:48 - Starting shipment creation...
2025-08-07 08:57:50 - API Response: stdClass Object
(
    [Transaction] => 
    [Notifications] => stdClass Object
        (
        )

    [HasErrors] => 
    [Shipments] => stdClass Object
        (
            [ProcessedShipment] => stdClass Object
                (
                    [ID] => 48920807600
                    [Reference1] => 1608
                    [Reference2] => 
                    [Reference3] => 
                    [ForeignHAWB] => 
                    [HasErrors] => 
                    [Notifications] => stdClass Object
                        (
                        )

                    [ShipmentLabel] => stdClass Object
                        (
                            [LabelURL] => https://ws.aramex.net/ShippingAPI.V2/rpt_cache/78b649d2a3df4564ba2295f5139f4ebc.pdf
                            [LabelFileContents] => 
                        )

                    [ShipmentDetails] => stdClass Object
                        (
                            [Origin] => MCT
                            [Destination] => MCT
                            [ChargeableWeight] => stdClass Object
                                (
                                    [Unit] => KG
                                    [Value] => 0.267
                                )

                            [DescriptionOfGoods] => 1048 - Papua New Guinea Sigri Peaberry 
                            [GoodsOriginCountry] => OM
                            [NumberOfPieces] => 1
                            [ProductGroup] => DOM
                            [ProductType] => ONP
                            [PaymentType] => P
                            [PaymentOptions] => 
                            [CustomsValueAmount] => 
                            [CashOnDeliveryAmount] => 
                            [InsuranceAmount] => 
                            [CashAdditionalAmount] => 
                            [CollectAmount] => 
                            [Services] => 
                            [OriginCity] => Muscat
                            [DestinationCity] => Muscat
                        )

                    [ShipmentAttachments] => stdClass Object
                        (
                        )

                    [SortCode] => MC
                )

        )

)

2025-08-07 08:57:50 - FormHandler: Checking for form submission...
2025-08-07 08:57:50 - Starting shipment creation...
2025-08-07 08:57:52 - API Response: stdClass Object
(
    [Transaction] => 
    [Notifications] => stdClass Object
        (
        )

    [HasErrors] => 
    [Shipments] => stdClass Object
        (
            [ProcessedShipment] => stdClass Object
                (
                    [ID] => 48920807611
                    [Reference1] => 1608
                    [Reference2] => 
                    [Reference3] => 
                    [ForeignHAWB] => 
                    [HasErrors] => 
                    [Notifications] => stdClass Object
                        (
                        )

                    [ShipmentLabel] => stdClass Object
                        (
                            [LabelURL] => https://ws.aramex.net/ShippingAPI.V2/rpt_cache/491cb20f50b44b5d8c3aa45639eb223c.pdf
                            [LabelFileContents] => 
                        )

                    [ShipmentDetails] => stdClass Object
                        (
                            [Origin] => MCT
                            [Destination] => MCT
                            [ChargeableWeight] => stdClass Object
                                (
                                    [Unit] => KG
                                    [Value] => 0.267
                                )

                            [DescriptionOfGoods] => 1048 - Papua New Guinea Sigri Peaberry 
                            [GoodsOriginCountry] => OM
                            [NumberOfPieces] => 1
                            [ProductGroup] => DOM
                            [ProductType] => ONP
                            [PaymentType] => P
                            [PaymentOptions] => 
                            [CustomsValueAmount] => 
                            [CashOnDeliveryAmount] => 
                            [InsuranceAmount] => 
                            [CashAdditionalAmount] => 
                            [CollectAmount] => 
                            [Services] => 
                            [OriginCity] => Muscat
                            [DestinationCity] => Muscat
                        )

                    [ShipmentAttachments] => stdClass Object
                        (
                        )

                    [SortCode] => MC
                )

        )

)

2025-08-07 08:57:53 - Main plugin file: plugins_loaded action triggered
2025-08-07 08:57:53 - Main plugin file: Plugin class found, initializing...
2025-08-07 08:57:54 - Main plugin file: plugins_loaded action triggered
2025-08-07 08:57:54 - Main plugin file: Plugin class found, initializing...
2025-08-07 08:58:01 - Main plugin file: plugins_loaded action triggered
2025-08-07 08:58:01 - Main plugin file: Plugin class found, initializing...
2025-08-07 08:58:01 - FormHandler: Checking for form submission...
2025-08-07 08:58:01 - FormHandler: No action found in POST data
2025-08-07 08:58:01 - Main plugin file: plugins_loaded action triggered
2025-08-07 08:58:01 - Main plugin file: Plugin class found, initializing...
2025-08-07 08:58:02 - FormHandler: Checking for form submission...
2025-08-07 08:58:02 - FormHandler: No action found in POST data
2025-08-07 08:58:03 - Main plugin file: plugins_loaded action triggered
2025-08-07 08:58:03 - Main plugin file: Plugin class found, initializing...
2025-08-07 08:58:03 - FormHandler: Checking for form submission...
2025-08-07 08:58:03 - FormHandler: No action found in POST data
2025-08-07 08:58:03 - FormHandler: Checking for form submission...
2025-08-07 08:58:03 - FormHandler: No action found in POST data
2025-08-07 08:58:07 - Main plugin file: plugins_loaded action triggered
2025-08-07 08:58:07 - Main plugin file: Plugin class found, initializing...
2025-08-07 08:58:08 - Main plugin file: plugins_loaded action triggered
2025-08-07 08:58:08 - Main plugin file: Plugin class found, initializing...
2025-08-07 08:58:09 - Main plugin file: plugins_loaded action triggered
2025-08-07 08:58:09 - Main plugin file: Plugin class found, initializing...
2025-08-07 08:58:09 - Main plugin file: plugins_loaded action triggered
2025-08-07 08:58:09 - Main plugin file: Plugin class found, initializing...
2025-08-07 08:58:10 - Main plugin file: plugins_loaded action triggered
2025-08-07 08:58:10 - Main plugin file: Plugin class found, initializing...
2025-08-07 08:58:11 - Main plugin file: plugins_loaded action triggered
2025-08-07 08:58:11 - Main plugin file: Plugin class found, initializing...
2025-08-07 08:58:11 - Main plugin file: plugins_loaded action triggered
2025-08-07 08:58:11 - Main plugin file: Plugin class found, initializing...
2025-08-07 08:58:11 - Main plugin file: plugins_loaded action triggered
2025-08-07 08:58:11 - Main plugin file: Plugin class found, initializing...
2025-08-07 08:58:12 - Main plugin file: plugins_loaded action triggered
2025-08-07 08:58:12 - Main plugin file: Plugin class found, initializing...
2025-08-07 08:58:12 - Main plugin file: plugins_loaded action triggered
2025-08-07 08:58:12 - Main plugin file: Plugin class found, initializing...
2025-08-07 08:58:12 - Main plugin file: plugins_loaded action triggered
2025-08-07 08:58:12 - Main plugin file: Plugin class found, initializing...
2025-08-07 08:58:12 - FormHandler: Checking for form submission...
2025-08-07 08:58:12 - FormHandler: No action found in POST data
2025-08-07 08:58:57 - Main plugin file: plugins_loaded action triggered
2025-08-07 08:58:57 - Main plugin file: Plugin class found, initializing...
2025-08-07 08:58:57 - FormHandler: Checking for form submission...
2025-08-07 08:58:57 - FormHandler: No action found in POST data
2025-08-07 08:59:11 - Main plugin file: plugins_loaded action triggered
2025-08-07 08:59:11 - Main plugin file: Plugin class found, initializing...
2025-08-07 08:59:12 - FormHandler: Checking for form submission...
2025-08-07 08:59:12 - FormHandler: No action found in POST data
2025-08-07 09:00:34 - Main plugin file: plugins_loaded action triggered
2025-08-07 09:00:34 - Main plugin file: Plugin class found, initializing...
2025-08-07 09:00:34 - FormHandler: Checking for form submission...
2025-08-07 09:00:34 - FormHandler: No action found in POST data
2025-08-07 09:00:47 - Main plugin file: plugins_loaded action triggered
2025-08-07 09:00:47 - Main plugin file: Plugin class found, initializing...
2025-08-07 09:00:48 - FormHandler: Checking for form submission...
2025-08-07 09:00:48 - FormHandler: No action found in POST data
2025-08-07 09:00:48 - FormHandler: Checking for form submission...
2025-08-07 09:00:48 - FormHandler: No action found in POST data
2025-08-07 09:00:48 - Main plugin file: plugins_loaded action triggered
2025-08-07 09:00:48 - Main plugin file: Plugin class found, initializing...
2025-08-07 09:00:49 - Main plugin file: plugins_loaded action triggered
2025-08-07 09:00:49 - Main plugin file: Plugin class found, initializing...
2025-08-07 09:00:49 - Main plugin file: plugins_loaded action triggered
2025-08-07 09:00:49 - Main plugin file: Plugin class found, initializing...
2025-08-07 09:00:50 - Main plugin file: plugins_loaded action triggered
2025-08-07 09:00:50 - Main plugin file: Plugin class found, initializing...
2025-08-07 09:00:51 - Main plugin file: plugins_loaded action triggered
2025-08-07 09:00:51 - Main plugin file: Plugin class found, initializing...
2025-08-07 09:00:52 - Main plugin file: plugins_loaded action triggered
2025-08-07 09:00:52 - Main plugin file: Plugin class found, initializing...
2025-08-07 09:00:52 - Main plugin file: plugins_loaded action triggered
2025-08-07 09:00:52 - Main plugin file: Plugin class found, initializing...
2025-08-07 09:00:52 - Main plugin file: plugins_loaded action triggered
2025-08-07 09:00:52 - Main plugin file: Plugin class found, initializing...
2025-08-07 09:00:53 - Main plugin file: plugins_loaded action triggered
2025-08-07 09:00:53 - Main plugin file: Plugin class found, initializing...
2025-08-07 09:00:55 - Main plugin file: plugins_loaded action triggered
2025-08-07 09:00:55 - Main plugin file: Plugin class found, initializing...
2025-08-07 09:00:56 - FormHandler: Checking for form submission...
2025-08-07 09:00:56 - FormHandler: No action found in POST data
2025-08-07 09:01:01 - Main plugin file: plugins_loaded action triggered
2025-08-07 09:01:01 - Main plugin file: Plugin class found, initializing...
2025-08-07 09:01:01 - FormHandler: Checking for form submission...
2025-08-07 09:01:01 - Starting shipment creation...
2025-08-07 09:01:04 - API Response: stdClass Object
(
    [Transaction] => 
    [Notifications] => stdClass Object
        (
        )

    [HasErrors] => 
    [Shipments] => stdClass Object
        (
            [ProcessedShipment] => stdClass Object
                (
                    [ID] => 48920807633
                    [Reference1] => 1606
                    [Reference2] => 
                    [Reference3] => 
                    [ForeignHAWB] => 
                    [HasErrors] => 
                    [Notifications] => stdClass Object
                        (
                        )

                    [ShipmentLabel] => stdClass Object
                        (
                            [LabelURL] => https://ws.aramex.net/ShippingAPI.V2/rpt_cache/6be3c42293e1470a9f1cb1bd89af6b75.pdf
                            [LabelFileContents] => 
                        )

                    [ShipmentDetails] => stdClass Object
                        (
                            [Origin] => MCT
                            [Destination] => MCT
                            [ChargeableWeight] => stdClass Object
                                (
                                    [Unit] => KG
                                    [Value] => 1.602
                                )

                            [DescriptionOfGoods] => 143 - Navigator Collection 
                            [GoodsOriginCountry] => OM
                            [NumberOfPieces] => 6
                            [ProductGroup] => DOM
                            [ProductType] => ONP
                            [PaymentType] => P
                            [PaymentOptions] => 
                            [CustomsValueAmount] => 
                            [CashOnDeliveryAmount] => 
                            [InsuranceAmount] => 
                            [CashAdditionalAmount] => 
                            [CollectAmount] => 
                            [Services] => 
                            [OriginCity] => Muscat
                            [DestinationCity] => Muscat
                        )

                    [ShipmentAttachments] => stdClass Object
                        (
                        )

                    [SortCode] => MC
                )

        )

)

2025-08-07 09:01:04 - FormHandler: Checking for form submission...
2025-08-07 09:01:04 - Starting shipment creation...
2025-08-07 09:01:06 - API Response: stdClass Object
(
    [Transaction] => 
    [Notifications] => stdClass Object
        (
        )

    [HasErrors] => 
    [Shipments] => stdClass Object
        (
            [ProcessedShipment] => stdClass Object
                (
                    [ID] => 48920807644
                    [Reference1] => 1606
                    [Reference2] => 
                    [Reference3] => 
                    [ForeignHAWB] => 
                    [HasErrors] => 
                    [Notifications] => stdClass Object
                        (
                        )

                    [ShipmentLabel] => stdClass Object
                        (
                            [LabelURL] => https://ws.aramex.net/ShippingAPI.V2/rpt_cache/740ee1b24f90466ab87d331df43b5306.pdf
                            [LabelFileContents] => 
                        )

                    [ShipmentDetails] => stdClass Object
                        (
                            [Origin] => MCT
                            [Destination] => MCT
                            [ChargeableWeight] => stdClass Object
                                (
                                    [Unit] => KG
                                    [Value] => 1.602
                                )

                            [DescriptionOfGoods] => 143 - Navigator Collection 
                            [GoodsOriginCountry] => OM
                            [NumberOfPieces] => 6
                            [ProductGroup] => DOM
                            [ProductType] => ONP
                            [PaymentType] => P
                            [PaymentOptions] => 
                            [CustomsValueAmount] => 
                            [CashOnDeliveryAmount] => 
                            [InsuranceAmount] => 
                            [CashAdditionalAmount] => 
                            [CollectAmount] => 
                            [Services] => 
                            [OriginCity] => Muscat
                            [DestinationCity] => Muscat
                        )

                    [ShipmentAttachments] => stdClass Object
                        (
                        )

                    [SortCode] => MC
                )

        )

)

2025-08-07 09:01:07 - Main plugin file: plugins_loaded action triggered
2025-08-07 09:01:07 - Main plugin file: Plugin class found, initializing...
2025-08-07 09:01:08 - Main plugin file: plugins_loaded action triggered
2025-08-07 09:01:08 - Main plugin file: Plugin class found, initializing...
2025-08-07 09:01:12 - Main plugin file: plugins_loaded action triggered
2025-08-07 09:01:12 - Main plugin file: Plugin class found, initializing...
2025-08-07 09:01:13 - FormHandler: Checking for form submission...
2025-08-07 09:01:13 - FormHandler: No action found in POST data
2025-08-07 09:01:13 - FormHandler: Checking for form submission...
2025-08-07 09:01:13 - FormHandler: No action found in POST data
2025-08-07 09:01:13 - Main plugin file: plugins_loaded action triggered
2025-08-07 09:01:13 - Main plugin file: Plugin class found, initializing...
2025-08-07 09:01:14 - Main plugin file: plugins_loaded action triggered
2025-08-07 09:01:14 - Main plugin file: Plugin class found, initializing...
2025-08-07 09:01:14 - Main plugin file: plugins_loaded action triggered
2025-08-07 09:01:14 - Main plugin file: Plugin class found, initializing...
2025-08-07 09:01:15 - Main plugin file: plugins_loaded action triggered
2025-08-07 09:01:15 - Main plugin file: Plugin class found, initializing...
2025-08-07 09:01:16 - Main plugin file: plugins_loaded action triggered
2025-08-07 09:01:16 - Main plugin file: Plugin class found, initializing...
2025-08-07 09:01:17 - Main plugin file: plugins_loaded action triggered
2025-08-07 09:01:17 - Main plugin file: Plugin class found, initializing...
2025-08-07 09:01:17 - Main plugin file: plugins_loaded action triggered
2025-08-07 09:01:17 - Main plugin file: Plugin class found, initializing...
2025-08-07 09:01:17 - Main plugin file: plugins_loaded action triggered
2025-08-07 09:01:17 - Main plugin file: Plugin class found, initializing...
2025-08-07 09:01:18 - Main plugin file: plugins_loaded action triggered
2025-08-07 09:01:18 - Main plugin file: Plugin class found, initializing...
2025-08-07 09:01:18 - Main plugin file: plugins_loaded action triggered
2025-08-07 09:01:18 - Main plugin file: Plugin class found, initializing...
2025-08-07 09:01:18 - FormHandler: Checking for form submission...
2025-08-07 09:01:18 - FormHandler: No action found in POST data
2025-08-07 09:01:18 - FormHandler: Checking for form submission...
2025-08-07 09:01:18 - FormHandler: No action found in POST data
2025-08-07 09:01:19 - Main plugin file: plugins_loaded action triggered
2025-08-07 09:01:19 - Main plugin file: Plugin class found, initializing...
2025-08-07 09:01:20 - Main plugin file: plugins_loaded action triggered
2025-08-07 09:01:20 - Main plugin file: Plugin class found, initializing...
2025-08-07 09:01:20 - Main plugin file: plugins_loaded action triggered
2025-08-07 09:01:20 - Main plugin file: Plugin class found, initializing...
2025-08-07 09:01:21 - Main plugin file: plugins_loaded action triggered
2025-08-07 09:01:21 - Main plugin file: Plugin class found, initializing...
2025-08-07 09:01:22 - Main plugin file: plugins_loaded action triggered
2025-08-07 09:01:22 - Main plugin file: Plugin class found, initializing...
2025-08-07 09:01:22 - Main plugin file: plugins_loaded action triggered
2025-08-07 09:01:22 - Main plugin file: Plugin class found, initializing...
2025-08-07 09:01:23 - Main plugin file: plugins_loaded action triggered
2025-08-07 09:01:23 - Main plugin file: plugins_loaded action triggered
2025-08-07 09:01:23 - Main plugin file: Plugin class found, initializing...
2025-08-07 09:01:23 - Main plugin file: Plugin class found, initializing...
2025-08-07 09:01:24 - Main plugin file: plugins_loaded action triggered
2025-08-07 09:01:24 - Main plugin file: Plugin class found, initializing...
2025-08-07 09:01:24 - Main plugin file: plugins_loaded action triggered
2025-08-07 09:01:24 - Main plugin file: Plugin class found, initializing...
2025-08-07 09:01:24 - Main plugin file: plugins_loaded action triggered
2025-08-07 09:01:24 - Main plugin file: Plugin class found, initializing...
2025-08-07 09:01:25 - FormHandler: Checking for form submission...
2025-08-07 09:01:25 - FormHandler: No action found in POST data
2025-08-07 09:02:24 - Main plugin file: plugins_loaded action triggered
2025-08-07 09:02:24 - Main plugin file: Plugin class found, initializing...
2025-08-07 09:02:24 - FormHandler: Checking for form submission...
2025-08-07 09:02:24 - FormHandler: No action found in POST data
2025-08-07 09:02:24 - Main plugin file: plugins_loaded action triggered
2025-08-07 09:02:24 - Main plugin file: Plugin class found, initializing...
2025-08-07 09:02:25 - FormHandler: Checking for form submission...
2025-08-07 09:02:25 - FormHandler: No action found in POST data
2025-08-07 09:03:16 - Main plugin file: plugins_loaded action triggered
2025-08-07 09:03:16 - Main plugin file: Plugin class found, initializing...
2025-08-07 09:03:17 - FormHandler: Checking for form submission...
2025-08-07 09:03:17 - FormHandler: No action found in POST data
2025-08-07 09:03:23 - Main plugin file: plugins_loaded action triggered
2025-08-07 09:03:23 - Main plugin file: Plugin class found, initializing...
2025-08-07 09:03:24 - FormHandler: Checking for form submission...
2025-08-07 09:03:24 - FormHandler: No action found in POST data
2025-08-07 09:05:16 - Main plugin file: plugins_loaded action triggered
2025-08-07 09:05:16 - Main plugin file: Plugin class found, initializing...
2025-08-07 09:05:17 - FormHandler: Checking for form submission...
2025-08-07 09:05:17 - FormHandler: No action found in POST data
2025-08-07 09:05:23 - Main plugin file: plugins_loaded action triggered
2025-08-07 09:05:23 - Main plugin file: Plugin class found, initializing...
2025-08-07 09:05:24 - FormHandler: Checking for form submission...
2025-08-07 09:05:24 - FormHandler: No action found in POST data
2025-08-07 09:06:08 - Main plugin file: plugins_loaded action triggered
2025-08-07 09:06:08 - Main plugin file: Plugin class found, initializing...
2025-08-07 09:06:09 - FormHandler: Checking for form submission...
2025-08-07 09:06:09 - FormHandler: No action found in POST data
2025-08-07 09:06:09 - FormHandler: Checking for form submission...
2025-08-07 09:06:09 - FormHandler: No action found in POST data
2025-08-07 09:06:09 - Main plugin file: plugins_loaded action triggered
2025-08-07 09:06:09 - Main plugin file: Plugin class found, initializing...
2025-08-07 09:06:11 - Main plugin file: plugins_loaded action triggered
2025-08-07 09:06:11 - Main plugin file: Plugin class found, initializing...
2025-08-07 09:06:11 - Main plugin file: plugins_loaded action triggered
2025-08-07 09:06:11 - Main plugin file: Plugin class found, initializing...
2025-08-07 09:06:12 - Main plugin file: plugins_loaded action triggered
2025-08-07 09:06:12 - Main plugin file: Plugin class found, initializing...
2025-08-07 09:06:12 - Main plugin file: plugins_loaded action triggered
2025-08-07 09:06:12 - Main plugin file: Plugin class found, initializing...
2025-08-07 09:06:13 - Main plugin file: plugins_loaded action triggered
2025-08-07 09:06:13 - Main plugin file: Plugin class found, initializing...
2025-08-07 09:06:13 - Main plugin file: plugins_loaded action triggered
2025-08-07 09:06:13 - Main plugin file: Plugin class found, initializing...
2025-08-07 09:06:14 - Main plugin file: plugins_loaded action triggered
2025-08-07 09:06:14 - Main plugin file: Plugin class found, initializing...
2025-08-07 09:06:14 - Main plugin file: plugins_loaded action triggered
2025-08-07 09:06:14 - Main plugin file: Plugin class found, initializing...
2025-08-07 09:06:15 - Main plugin file: plugins_loaded action triggered
2025-08-07 09:06:15 - Main plugin file: Plugin class found, initializing...
2025-08-07 09:06:15 - FormHandler: Checking for form submission...
2025-08-07 09:06:15 - FormHandler: No action found in POST data
2025-08-07 09:06:16 - Main plugin file: plugins_loaded action triggered
2025-08-07 09:06:16 - Main plugin file: Plugin class found, initializing...
2025-08-07 09:06:16 - FormHandler: Checking for form submission...
2025-08-07 09:06:16 - FormHandler: No action found in POST data
2025-08-07 09:06:21 - Main plugin file: plugins_loaded action triggered
2025-08-07 09:06:21 - Main plugin file: Plugin class found, initializing...
2025-08-07 09:06:21 - FormHandler: Checking for form submission...
2025-08-07 09:06:21 - FormHandler: No action found in POST data
2025-08-07 09:06:27 - Main plugin file: plugins_loaded action triggered
2025-08-07 09:06:27 - Main plugin file: Plugin class found, initializing...
2025-08-07 09:06:28 - FormHandler: Checking for form submission...
2025-08-07 09:06:28 - FormHandler: No action found in POST data
2025-08-07 09:06:28 - FormHandler: Checking for form submission...
2025-08-07 09:06:28 - FormHandler: No action found in POST data
2025-08-07 09:06:28 - Main plugin file: plugins_loaded action triggered
2025-08-07 09:06:28 - Main plugin file: Plugin class found, initializing...
2025-08-07 09:06:29 - Main plugin file: plugins_loaded action triggered
2025-08-07 09:06:29 - Main plugin file: Plugin class found, initializing...
2025-08-07 09:06:35 - Main plugin file: plugins_loaded action triggered
2025-08-07 09:06:35 - Main plugin file: Plugin class found, initializing...
2025-08-07 09:06:36 - FormHandler: Checking for form submission...
2025-08-07 09:06:36 - FormHandler: No action found in POST data
2025-08-07 09:06:36 - FormHandler: Checking for form submission...
2025-08-07 09:06:36 - FormHandler: No action found in POST data
2025-08-07 09:06:36 - Main plugin file: plugins_loaded action triggered
2025-08-07 09:06:36 - Main plugin file: Plugin class found, initializing...
2025-08-07 09:06:37 - Main plugin file: plugins_loaded action triggered
2025-08-07 09:06:37 - Main plugin file: Plugin class found, initializing...
2025-08-07 09:06:38 - Main plugin file: plugins_loaded action triggered
2025-08-07 09:06:38 - Main plugin file: Plugin class found, initializing...
2025-08-07 09:06:38 - Main plugin file: plugins_loaded action triggered
2025-08-07 09:06:38 - Main plugin file: Plugin class found, initializing...
2025-08-07 09:06:39 - Main plugin file: plugins_loaded action triggered
2025-08-07 09:06:39 - Main plugin file: Plugin class found, initializing...
2025-08-07 09:06:40 - Main plugin file: plugins_loaded action triggered
2025-08-07 09:06:40 - Main plugin file: Plugin class found, initializing...
2025-08-07 09:06:40 - Main plugin file: plugins_loaded action triggered
2025-08-07 09:06:40 - Main plugin file: Plugin class found, initializing...
2025-08-07 09:06:41 - Main plugin file: plugins_loaded action triggered
2025-08-07 09:06:41 - Main plugin file: Plugin class found, initializing...
2025-08-07 09:06:47 - Main plugin file: plugins_loaded action triggered
2025-08-07 09:06:47 - Main plugin file: Plugin class found, initializing...
2025-08-07 09:06:47 - FormHandler: Checking for form submission...
2025-08-07 09:06:47 - Starting shipment creation...
2025-08-07 09:06:50 - API Response: stdClass Object
(
    [Transaction] => 
    [Notifications] => stdClass Object
        (
        )

    [HasErrors] => 
    [Shipments] => stdClass Object
        (
            [ProcessedShipment] => stdClass Object
                (
                    [ID] => 48920807762
                    [Reference1] => 1605
                    [Reference2] => 
                    [Reference3] => 
                    [ForeignHAWB] => 
                    [HasErrors] => 
                    [Notifications] => stdClass Object
                        (
                        )

                    [ShipmentLabel] => stdClass Object
                        (
                            [LabelURL] => https://ws.aramex.net/ShippingAPI.V2/rpt_cache/a12076af7da144f4881a5727a8180481.pdf
                            [LabelFileContents] => 
                        )

                    [ShipmentDetails] => stdClass Object
                        (
                            [Origin] => MCT
                            [Destination] => MCT
                            [ChargeableWeight] => stdClass Object
                                (
                                    [Unit] => KG
                                    [Value] => 0.267
                                )

                            [DescriptionOfGoods] => 148 - Ethiopia Collection 
                            [GoodsOriginCountry] => OM
                            [NumberOfPieces] => 1
                            [ProductGroup] => DOM
                            [ProductType] => ONP
                            [PaymentType] => P
                            [PaymentOptions] => 
                            [CustomsValueAmount] => 
                            [CashOnDeliveryAmount] => 
                            [InsuranceAmount] => 
                            [CashAdditionalAmount] => 
                            [CollectAmount] => 
                            [Services] => 
                            [OriginCity] => Muscat
                            [DestinationCity] => Muscat
                        )

                    [ShipmentAttachments] => stdClass Object
                        (
                        )

                    [SortCode] => MC
                )

        )

)

2025-08-07 09:06:51 - FormHandler: Checking for form submission...
2025-08-07 09:06:51 - FormHandler: Form already processed, skipping...
2025-08-07 09:06:51 - Main plugin file: plugins_loaded action triggered
2025-08-07 09:06:51 - Main plugin file: Plugin class found, initializing...
2025-08-07 09:06:52 - Main plugin file: plugins_loaded action triggered
2025-08-07 09:06:52 - Main plugin file: Plugin class found, initializing...
2025-08-07 09:06:55 - Main plugin file: plugins_loaded action triggered
2025-08-07 09:06:55 - Main plugin file: Plugin class found, initializing...
2025-08-07 09:07:02 - Main plugin file: plugins_loaded action triggered
2025-08-07 09:07:02 - Main plugin file: Plugin class found, initializing...
2025-08-07 09:07:02 - FormHandler: Checking for form submission...
2025-08-07 09:07:02 - FormHandler: No action found in POST data
2025-08-07 09:07:02 - FormHandler: Checking for form submission...
2025-08-07 09:07:02 - FormHandler: No action found in POST data
2025-08-07 09:07:03 - Main plugin file: plugins_loaded action triggered
2025-08-07 09:07:03 - Main plugin file: Plugin class found, initializing...
2025-08-07 09:07:04 - Main plugin file: plugins_loaded action triggered
2025-08-07 09:07:04 - Main plugin file: Plugin class found, initializing...
2025-08-07 09:07:04 - Main plugin file: plugins_loaded action triggered
2025-08-07 09:07:04 - Main plugin file: Plugin class found, initializing...
2025-08-07 09:07:05 - Main plugin file: plugins_loaded action triggered
2025-08-07 09:07:05 - Main plugin file: Plugin class found, initializing...
2025-08-07 09:07:06 - Main plugin file: plugins_loaded action triggered
2025-08-07 09:07:06 - Main plugin file: Plugin class found, initializing...
2025-08-07 09:07:06 - Main plugin file: plugins_loaded action triggered
2025-08-07 09:07:06 - Main plugin file: Plugin class found, initializing...
2025-08-07 09:07:07 - Main plugin file: plugins_loaded action triggered
2025-08-07 09:07:07 - Main plugin file: Plugin class found, initializing...
2025-08-07 09:07:07 - Main plugin file: plugins_loaded action triggered
2025-08-07 09:07:07 - Main plugin file: Plugin class found, initializing...
2025-08-07 09:07:07 - Main plugin file: plugins_loaded action triggered
2025-08-07 09:07:07 - Main plugin file: Plugin class found, initializing...
2025-08-07 09:07:08 - Main plugin file: plugins_loaded action triggered
2025-08-07 09:07:08 - Main plugin file: Plugin class found, initializing...
2025-08-07 09:07:08 - FormHandler: Checking for form submission...
2025-08-07 09:07:08 - FormHandler: No action found in POST data
2025-08-07 09:07:08 - FormHandler: Checking for form submission...
2025-08-07 09:07:08 - FormHandler: No action found in POST data
2025-08-07 09:07:08 - Main plugin file: plugins_loaded action triggered
2025-08-07 09:07:08 - Main plugin file: Plugin class found, initializing...
2025-08-07 09:07:10 - Main plugin file: plugins_loaded action triggered
2025-08-07 09:07:10 - Main plugin file: Plugin class found, initializing...
2025-08-07 09:07:10 - Main plugin file: plugins_loaded action triggered
2025-08-07 09:07:10 - Main plugin file: Plugin class found, initializing...
2025-08-07 09:07:11 - Main plugin file: plugins_loaded action triggered
2025-08-07 09:07:11 - Main plugin file: Plugin class found, initializing...
2025-08-07 09:07:12 - Main plugin file: plugins_loaded action triggered
2025-08-07 09:07:12 - Main plugin file: Plugin class found, initializing...
2025-08-07 09:07:12 - Main plugin file: plugins_loaded action triggered
2025-08-07 09:07:12 - Main plugin file: Plugin class found, initializing...
2025-08-07 09:07:13 - Main plugin file: plugins_loaded action triggered
2025-08-07 09:07:13 - Main plugin file: Plugin class found, initializing...
2025-08-07 09:07:13 - Main plugin file: plugins_loaded action triggered
2025-08-07 09:07:13 - Main plugin file: Plugin class found, initializing...
2025-08-07 09:07:13 - Main plugin file: plugins_loaded action triggered
2025-08-07 09:07:13 - Main plugin file: Plugin class found, initializing...
2025-08-07 09:07:14 - Main plugin file: plugins_loaded action triggered
2025-08-07 09:07:14 - Main plugin file: Plugin class found, initializing...
2025-08-07 09:07:14 - Main plugin file: plugins_loaded action triggered
2025-08-07 09:07:14 - Main plugin file: Plugin class found, initializing...
2025-08-07 09:07:14 - FormHandler: Checking for form submission...
2025-08-07 09:07:14 - FormHandler: No action found in POST data
2025-08-07 09:07:14 - Main plugin file: plugins_loaded action triggered
2025-08-07 09:07:14 - Main plugin file: Plugin class found, initializing...
2025-08-07 09:07:15 - Main plugin file: plugins_loaded action triggered
2025-08-07 09:07:15 - Main plugin file: Plugin class found, initializing...
2025-08-07 09:07:15 - FormHandler: Checking for form submission...
2025-08-07 09:07:15 - FormHandler: No action found in POST data
2025-08-07 09:07:18 - Main plugin file: plugins_loaded action triggered
2025-08-07 09:07:18 - Main plugin file: Plugin class found, initializing...
2025-08-07 09:07:18 - FormHandler: Checking for form submission...
2025-08-07 09:07:18 - FormHandler: No action found in POST data
2025-08-07 09:07:55 - Main plugin file: plugins_loaded action triggered
2025-08-07 09:07:55 - Main plugin file: Plugin class found, initializing...
2025-08-07 09:07:55 - FormHandler: Checking for form submission...
2025-08-07 09:07:55 - FormHandler: No action found in POST data
2025-08-07 09:07:56 - Main plugin file: plugins_loaded action triggered
2025-08-07 09:07:56 - Main plugin file: Plugin class found, initializing...
2025-08-07 09:07:56 - FormHandler: Checking for form submission...
2025-08-07 09:07:56 - FormHandler: No action found in POST data
2025-08-07 09:08:07 - Main plugin file: plugins_loaded action triggered
2025-08-07 09:08:07 - Main plugin file: Plugin class found, initializing...
2025-08-07 09:08:07 - FormHandler: Checking for form submission...
2025-08-07 09:08:07 - FormHandler: No action found in POST data
2025-08-07 09:08:13 - Main plugin file: plugins_loaded action triggered
2025-08-07 09:08:13 - Main plugin file: Plugin class found, initializing...
2025-08-07 09:08:13 - FormHandler: Checking for form submission...
2025-08-07 09:08:13 - FormHandler: No action found in POST data
2025-08-07 09:09:11 - Main plugin file: plugins_loaded action triggered
2025-08-07 09:09:11 - Main plugin file: Plugin class found, initializing...
2025-08-07 09:09:12 - FormHandler: Checking for form submission...
2025-08-07 09:09:12 - FormHandler: No action found in POST data
2025-08-07 09:09:12 - FormHandler: Checking for form submission...
2025-08-07 09:09:12 - FormHandler: No action found in POST data
2025-08-07 09:09:12 - Main plugin file: plugins_loaded action triggered
2025-08-07 09:09:12 - Main plugin file: Plugin class found, initializing...
2025-08-07 09:09:13 - Main plugin file: plugins_loaded action triggered
2025-08-07 09:09:13 - Main plugin file: Plugin class found, initializing...
2025-08-07 09:09:13 - Main plugin file: plugins_loaded action triggered
2025-08-07 09:09:13 - Main plugin file: Plugin class found, initializing...
2025-08-07 09:09:13 - FormHandler: Checking for form submission...
2025-08-07 09:09:13 - FormHandler: No action found in POST data
2025-08-07 09:09:15 - Main plugin file: plugins_loaded action triggered
2025-08-07 09:09:15 - Main plugin file: Plugin class found, initializing...
2025-08-07 09:09:15 - FormHandler: Checking for form submission...
2025-08-07 09:09:15 - FormHandler: No action found in POST data
2025-08-07 09:09:18 - Main plugin file: plugins_loaded action triggered
2025-08-07 09:09:18 - Main plugin file: Plugin class found, initializing...
2025-08-07 09:09:18 - FormHandler: Checking for form submission...
2025-08-07 09:09:18 - FormHandler: No action found in POST data
2025-08-07 09:09:55 - Main plugin file: plugins_loaded action triggered
2025-08-07 09:09:55 - Main plugin file: Plugin class found, initializing...
2025-08-07 09:09:55 - FormHandler: Checking for form submission...
2025-08-07 09:09:55 - FormHandler: No action found in POST data
2025-08-07 09:10:07 - Main plugin file: plugins_loaded action triggered
2025-08-07 09:10:07 - Main plugin file: Plugin class found, initializing...
2025-08-07 09:10:07 - FormHandler: Checking for form submission...
2025-08-07 09:10:07 - FormHandler: No action found in POST data
2025-08-07 09:10:16 - Main plugin file: plugins_loaded action triggered
2025-08-07 09:10:16 - Main plugin file: Plugin class found, initializing...
2025-08-07 09:10:16 - FormHandler: Checking for form submission...
2025-08-07 09:10:16 - FormHandler: No action found in POST data
2025-08-07 09:11:15 - Main plugin file: plugins_loaded action triggered
2025-08-07 09:11:15 - Main plugin file: Plugin class found, initializing...
2025-08-07 09:11:15 - FormHandler: Checking for form submission...
2025-08-07 09:11:15 - FormHandler: No action found in POST data
2025-08-07 09:11:18 - Main plugin file: plugins_loaded action triggered
2025-08-07 09:11:18 - Main plugin file: Plugin class found, initializing...
2025-08-07 09:11:18 - FormHandler: Checking for form submission...
2025-08-07 09:11:18 - FormHandler: No action found in POST data
2025-08-07 09:11:56 - Main plugin file: plugins_loaded action triggered
2025-08-07 09:11:56 - Main plugin file: Plugin class found, initializing...
2025-08-07 09:11:56 - FormHandler: Checking for form submission...
2025-08-07 09:11:56 - FormHandler: No action found in POST data
2025-08-07 09:12:08 - Main plugin file: plugins_loaded action triggered
2025-08-07 09:12:08 - Main plugin file: Plugin class found, initializing...
2025-08-07 09:12:10 - FormHandler: Checking for form submission...
2025-08-07 09:12:10 - FormHandler: No action found in POST data
2025-08-07 09:12:16 - Main plugin file: plugins_loaded action triggered
2025-08-07 09:12:16 - Main plugin file: Plugin class found, initializing...
2025-08-07 09:12:16 - FormHandler: Checking for form submission...
2025-08-07 09:12:16 - FormHandler: No action found in POST data
2025-08-07 09:13:13 - Main plugin file: plugins_loaded action triggered
2025-08-07 09:13:13 - Main plugin file: Plugin class found, initializing...
2025-08-07 09:13:13 - FormHandler: Checking for form submission...
2025-08-07 09:13:13 - FormHandler: No action found in POST data
2025-08-07 09:13:13 - FormHandler: Checking for form submission...
2025-08-07 09:13:13 - FormHandler: No action found in POST data
2025-08-07 09:13:13 - FormHandler: Checking for form submission...
2025-08-07 09:13:13 - FormHandler: No action found in POST data
2025-08-07 09:13:13 - FormHandler: Checking for form submission...
2025-08-07 09:13:13 - FormHandler: No action found in POST data
2025-08-07 09:13:13 - FormHandler: Checking for form submission...
2025-08-07 09:13:13 - FormHandler: No action found in POST data
2025-08-07 09:13:14 - Main plugin file: plugins_loaded action triggered
2025-08-07 09:13:14 - Main plugin file: Plugin class found, initializing...
2025-08-07 09:13:14 - Main plugin file: plugins_loaded action triggered
2025-08-07 09:13:14 - Main plugin file: Plugin class found, initializing...
2025-08-07 09:13:15 - Main plugin file: plugins_loaded action triggered
2025-08-07 09:13:15 - Main plugin file: Plugin class found, initializing...
2025-08-07 09:13:15 - FormHandler: Checking for form submission...
2025-08-07 09:13:15 - FormHandler: No action found in POST data
2025-08-07 09:13:18 - Main plugin file: plugins_loaded action triggered
2025-08-07 09:13:18 - Main plugin file: Plugin class found, initializing...
2025-08-07 09:13:18 - FormHandler: Checking for form submission...
2025-08-07 09:13:18 - FormHandler: No action found in POST data
2025-08-07 09:13:20 - Main plugin file: plugins_loaded action triggered
2025-08-07 09:13:20 - Main plugin file: Plugin class found, initializing...
2025-08-07 09:13:20 - FormHandler: Checking for form submission...
2025-08-07 09:13:20 - FormHandler: No action found in POST data
2025-08-07 09:13:20 - FormHandler: Checking for form submission...
2025-08-07 09:13:20 - FormHandler: No action found in POST data
2025-08-07 09:13:20 - FormHandler: Checking for form submission...
2025-08-07 09:13:20 - FormHandler: No action found in POST data
2025-08-07 09:13:20 - FormHandler: Checking for form submission...
2025-08-07 09:13:20 - FormHandler: No action found in POST data
2025-08-07 09:13:20 - FormHandler: Checking for form submission...
2025-08-07 09:13:20 - FormHandler: No action found in POST data
2025-08-07 09:13:21 - Main plugin file: plugins_loaded action triggered
2025-08-07 09:13:21 - Main plugin file: Plugin class found, initializing...
2025-08-07 09:13:21 - Main plugin file: plugins_loaded action triggered
2025-08-07 09:13:21 - Main plugin file: Plugin class found, initializing...
2025-08-07 09:13:25 - Main plugin file: plugins_loaded action triggered
2025-08-07 09:13:25 - Main plugin file: Plugin class found, initializing...
2025-08-07 09:13:25 - FormHandler: Checking for form submission...
2025-08-07 09:13:25 - FormHandler: No action found in POST data
2025-08-07 09:13:25 - FormHandler: Checking for form submission...
2025-08-07 09:13:25 - FormHandler: No action found in POST data
2025-08-07 09:13:25 - FormHandler: Checking for form submission...
2025-08-07 09:13:25 - FormHandler: No action found in POST data
2025-08-07 09:13:25 - FormHandler: Checking for form submission...
2025-08-07 09:13:25 - FormHandler: No action found in POST data
2025-08-07 09:13:25 - FormHandler: Checking for form submission...
2025-08-07 09:13:25 - FormHandler: No action found in POST data
2025-08-07 09:13:26 - Main plugin file: plugins_loaded action triggered
2025-08-07 09:13:26 - Main plugin file: Plugin class found, initializing...
2025-08-07 09:13:26 - Main plugin file: plugins_loaded action triggered
2025-08-07 09:13:26 - Main plugin file: Plugin class found, initializing...
2025-08-07 09:13:31 - Main plugin file: plugins_loaded action triggered
2025-08-07 09:13:31 - Main plugin file: Plugin class found, initializing...
2025-08-07 09:13:31 - FormHandler: Checking for form submission...
2025-08-07 09:13:31 - FormHandler: No action found in POST data
2025-08-07 09:13:32 - Main plugin file: plugins_loaded action triggered
2025-08-07 09:13:32 - Main plugin file: Plugin class found, initializing...
2025-08-07 09:13:32 - FormHandler: Checking for form submission...
2025-08-07 09:13:32 - FormHandler: No action found in POST data
2025-08-07 09:13:32 - FormHandler: Checking for form submission...
2025-08-07 09:13:32 - FormHandler: No action found in POST data
2025-08-07 09:13:32 - FormHandler: Checking for form submission...
2025-08-07 09:13:32 - FormHandler: No action found in POST data
2025-08-07 09:13:32 - FormHandler: Checking for form submission...
2025-08-07 09:13:32 - FormHandler: No action found in POST data
2025-08-07 09:13:32 - FormHandler: Checking for form submission...
2025-08-07 09:13:32 - FormHandler: No action found in POST data
2025-08-07 09:13:32 - Main plugin file: plugins_loaded action triggered
2025-08-07 09:13:32 - Main plugin file: Plugin class found, initializing...
2025-08-07 09:13:33 - Main plugin file: plugins_loaded action triggered
2025-08-07 09:13:33 - Main plugin file: Plugin class found, initializing...
2025-08-07 09:13:39 - Main plugin file: plugins_loaded action triggered
2025-08-07 09:13:39 - Main plugin file: Plugin class found, initializing...
2025-08-07 09:13:39 - FormHandler: Checking for form submission...
2025-08-07 09:13:39 - FormHandler: No action found in POST data
2025-08-07 09:13:40 - Main plugin file: plugins_loaded action triggered
2025-08-07 09:13:40 - Main plugin file: Plugin class found, initializing...
2025-08-07 09:13:40 - FormHandler: Checking for form submission...
2025-08-07 09:13:40 - FormHandler: No action found in POST data
2025-08-07 09:13:40 - FormHandler: Checking for form submission...
2025-08-07 09:13:40 - FormHandler: No action found in POST data
2025-08-07 09:13:40 - FormHandler: Checking for form submission...
2025-08-07 09:13:40 - FormHandler: No action found in POST data
2025-08-07 09:13:40 - FormHandler: Checking for form submission...
2025-08-07 09:13:40 - FormHandler: No action found in POST data
2025-08-07 09:13:40 - FormHandler: Checking for form submission...
2025-08-07 09:13:40 - FormHandler: No action found in POST data
2025-08-07 09:13:40 - Main plugin file: plugins_loaded action triggered
2025-08-07 09:13:40 - Main plugin file: Plugin class found, initializing...
2025-08-07 09:13:41 - Main plugin file: plugins_loaded action triggered
2025-08-07 09:13:41 - Main plugin file: Plugin class found, initializing...
2025-08-07 09:13:47 - Main plugin file: plugins_loaded action triggered
2025-08-07 09:13:47 - Main plugin file: Plugin class found, initializing...
2025-08-07 09:13:48 - Main plugin file: plugins_loaded action triggered
2025-08-07 09:13:48 - Main plugin file: Plugin class found, initializing...
2025-08-07 09:13:49 - FormHandler: Checking for form submission...
2025-08-07 09:13:49 - FormHandler: No action found in POST data
2025-08-07 09:13:49 - FormHandler: Checking for form submission...
2025-08-07 09:13:49 - FormHandler: No action found in POST data
2025-08-07 09:13:49 - FormHandler: Checking for form submission...
2025-08-07 09:13:49 - FormHandler: No action found in POST data
2025-08-07 09:13:49 - FormHandler: Checking for form submission...
2025-08-07 09:13:49 - FormHandler: No action found in POST data
2025-08-07 09:13:49 - FormHandler: Checking for form submission...
2025-08-07 09:13:49 - FormHandler: No action found in POST data
2025-08-07 09:13:49 - Main plugin file: plugins_loaded action triggered
2025-08-07 09:13:49 - Main plugin file: Plugin class found, initializing...
2025-08-07 09:13:50 - Main plugin file: plugins_loaded action triggered
2025-08-07 09:13:50 - Main plugin file: Plugin class found, initializing...
2025-08-07 09:13:53 - Main plugin file: plugins_loaded action triggered
2025-08-07 09:13:53 - Main plugin file: Plugin class found, initializing...
2025-08-07 09:13:53 - FormHandler: Checking for form submission...
2025-08-07 09:13:53 - FormHandler: No action found in POST data
2025-08-07 09:13:53 - FormHandler: Checking for form submission...
2025-08-07 09:13:53 - FormHandler: No action found in POST data
2025-08-07 09:13:53 - FormHandler: Checking for form submission...
2025-08-07 09:13:53 - FormHandler: No action found in POST data
2025-08-07 09:13:53 - FormHandler: Checking for form submission...
2025-08-07 09:13:53 - FormHandler: No action found in POST data
2025-08-07 09:13:53 - FormHandler: Checking for form submission...
2025-08-07 09:13:53 - FormHandler: No action found in POST data
2025-08-07 09:13:54 - Main plugin file: plugins_loaded action triggered
2025-08-07 09:13:54 - Main plugin file: Plugin class found, initializing...
2025-08-07 09:13:54 - Main plugin file: plugins_loaded action triggered
2025-08-07 09:13:54 - Main plugin file: Plugin class found, initializing...
2025-08-07 09:13:55 - Main plugin file: plugins_loaded action triggered
2025-08-07 09:13:55 - Main plugin file: Plugin class found, initializing...
2025-08-07 09:13:56 - FormHandler: Checking for form submission...
2025-08-07 09:13:56 - FormHandler: No action found in POST data
2025-08-07 09:13:56 - FormHandler: Checking for form submission...
2025-08-07 09:13:56 - FormHandler: No action found in POST data
2025-08-07 09:13:56 - FormHandler: Checking for form submission...
2025-08-07 09:13:56 - FormHandler: No action found in POST data
2025-08-07 09:13:56 - FormHandler: Checking for form submission...
2025-08-07 09:13:56 - FormHandler: No action found in POST data
2025-08-07 09:13:56 - FormHandler: Checking for form submission...
2025-08-07 09:13:56 - FormHandler: No action found in POST data
2025-08-07 09:13:57 - Main plugin file: plugins_loaded action triggered
2025-08-07 09:13:57 - Main plugin file: Plugin class found, initializing...
2025-08-07 09:13:57 - FormHandler: Checking for form submission...
2025-08-07 09:13:57 - FormHandler: No action found in POST data
2025-08-07 09:13:57 - Main plugin file: plugins_loaded action triggered
2025-08-07 09:13:57 - Main plugin file: Plugin class found, initializing...
2025-08-07 09:13:58 - Main plugin file: plugins_loaded action triggered
2025-08-07 09:13:58 - Main plugin file: Plugin class found, initializing...
2025-08-07 09:14:08 - Main plugin file: plugins_loaded action triggered
2025-08-07 09:14:08 - Main plugin file: Plugin class found, initializing...
2025-08-07 09:14:08 - FormHandler: Checking for form submission...
2025-08-07 09:14:08 - FormHandler: No action found in POST data
2025-08-07 09:14:11 - Main plugin file: plugins_loaded action triggered
2025-08-07 09:14:11 - Main plugin file: Plugin class found, initializing...
2025-08-07 09:14:11 - FormHandler: Checking for form submission...
2025-08-07 09:14:11 - FormHandler: No action found in POST data
2025-08-07 09:14:11 - FormHandler: Checking for form submission...
2025-08-07 09:14:11 - FormHandler: No action found in POST data
2025-08-07 09:14:11 - FormHandler: Checking for form submission...
2025-08-07 09:14:11 - FormHandler: No action found in POST data
2025-08-07 09:14:11 - FormHandler: Checking for form submission...
2025-08-07 09:14:11 - FormHandler: No action found in POST data
2025-08-07 09:14:11 - FormHandler: Checking for form submission...
2025-08-07 09:14:11 - FormHandler: No action found in POST data
2025-08-07 09:14:12 - Main plugin file: plugins_loaded action triggered
2025-08-07 09:14:12 - Main plugin file: Plugin class found, initializing...
2025-08-07 09:14:12 - Main plugin file: plugins_loaded action triggered
2025-08-07 09:14:12 - Main plugin file: Plugin class found, initializing...
2025-08-07 09:14:17 - Main plugin file: plugins_loaded action triggered
2025-08-07 09:14:17 - Main plugin file: Plugin class found, initializing...
2025-08-07 09:14:18 - FormHandler: Checking for form submission...
2025-08-07 09:14:18 - FormHandler: No action found in POST data
2025-08-07 09:14:18 - Main plugin file: plugins_loaded action triggered
2025-08-07 09:14:18 - Main plugin file: Plugin class found, initializing...
2025-08-07 09:14:18 - FormHandler: Checking for form submission...
2025-08-07 09:14:18 - FormHandler: No action found in POST data
2025-08-07 09:14:18 - FormHandler: Checking for form submission...
2025-08-07 09:14:18 - FormHandler: No action found in POST data
2025-08-07 09:14:18 - FormHandler: Checking for form submission...
2025-08-07 09:14:18 - FormHandler: No action found in POST data
2025-08-07 09:14:18 - FormHandler: Checking for form submission...
2025-08-07 09:14:18 - FormHandler: No action found in POST data
2025-08-07 09:14:18 - FormHandler: Checking for form submission...
2025-08-07 09:14:18 - FormHandler: No action found in POST data
2025-08-07 09:14:19 - Main plugin file: plugins_loaded action triggered
2025-08-07 09:14:19 - Main plugin file: Plugin class found, initializing...
2025-08-07 09:14:19 - Main plugin file: plugins_loaded action triggered
2025-08-07 09:14:19 - Main plugin file: Plugin class found, initializing...
2025-08-07 09:14:27 - Main plugin file: plugins_loaded action triggered
2025-08-07 09:14:27 - Main plugin file: Plugin class found, initializing...
2025-08-07 09:14:28 - FormHandler: Checking for form submission...
2025-08-07 09:14:28 - FormHandler: No action found in POST data
2025-08-07 09:14:28 - Main plugin file: plugins_loaded action triggered
2025-08-07 09:14:28 - Main plugin file: Plugin class found, initializing...
2025-08-07 09:14:28 - FormHandler: Checking for form submission...
2025-08-07 09:14:28 - FormHandler: No action found in POST data
2025-08-07 09:14:28 - FormHandler: Checking for form submission...
2025-08-07 09:14:28 - FormHandler: No action found in POST data
2025-08-07 09:14:28 - FormHandler: Checking for form submission...
2025-08-07 09:14:28 - FormHandler: No action found in POST data
2025-08-07 09:14:28 - FormHandler: Checking for form submission...
2025-08-07 09:14:28 - FormHandler: No action found in POST data
2025-08-07 09:14:28 - FormHandler: Checking for form submission...
2025-08-07 09:14:28 - FormHandler: No action found in POST data
2025-08-07 09:14:29 - Main plugin file: plugins_loaded action triggered
2025-08-07 09:14:29 - Main plugin file: Plugin class found, initializing...
2025-08-07 09:14:30 - Main plugin file: plugins_loaded action triggered
2025-08-07 09:14:30 - Main plugin file: Plugin class found, initializing...
2025-08-07 09:14:40 - Main plugin file: plugins_loaded action triggered
2025-08-07 09:14:40 - Main plugin file: Plugin class found, initializing...
2025-08-07 09:14:41 - FormHandler: Checking for form submission...
2025-08-07 09:14:41 - FormHandler: No action found in POST data
2025-08-07 09:14:41 - FormHandler: Checking for form submission...
2025-08-07 09:14:41 - FormHandler: No action found in POST data
2025-08-07 09:14:41 - FormHandler: Checking for form submission...
2025-08-07 09:14:41 - FormHandler: No action found in POST data
2025-08-07 09:14:41 - FormHandler: Checking for form submission...
2025-08-07 09:14:41 - FormHandler: No action found in POST data
2025-08-07 09:14:41 - FormHandler: Checking for form submission...
2025-08-07 09:14:41 - FormHandler: No action found in POST data
2025-08-07 09:14:41 - Main plugin file: plugins_loaded action triggered
2025-08-07 09:14:41 - Main plugin file: Plugin class found, initializing...
2025-08-07 09:14:42 - Main plugin file: plugins_loaded action triggered
2025-08-07 09:14:42 - Main plugin file: Plugin class found, initializing...
2025-08-07 09:15:17 - Main plugin file: plugins_loaded action triggered
2025-08-07 09:15:17 - Main plugin file: Plugin class found, initializing...
2025-08-07 09:15:17 - FormHandler: Checking for form submission...
2025-08-07 09:15:17 - FormHandler: No action found in POST data
2025-08-07 09:15:18 - Main plugin file: plugins_loaded action triggered
2025-08-07 09:15:18 - Main plugin file: Plugin class found, initializing...
2025-08-07 09:15:18 - FormHandler: Checking for form submission...
2025-08-07 09:15:18 - FormHandler: No action found in POST data
2025-08-07 09:15:45 - Main plugin file: plugins_loaded action triggered
2025-08-07 09:15:45 - Main plugin file: Plugin class found, initializing...
2025-08-07 09:15:46 - FormHandler: Checking for form submission...
2025-08-07 09:15:46 - FormHandler: No action found in POST data
2025-08-07 09:15:56 - Main plugin file: plugins_loaded action triggered
2025-08-07 09:15:56 - Main plugin file: Plugin class found, initializing...
2025-08-07 09:15:56 - FormHandler: Checking for form submission...
2025-08-07 09:15:56 - FormHandler: No action found in POST data
2025-08-07 09:16:08 - Main plugin file: plugins_loaded action triggered
2025-08-07 09:16:08 - Main plugin file: Plugin class found, initializing...
2025-08-07 09:16:08 - FormHandler: Checking for form submission...
2025-08-07 09:16:08 - FormHandler: No action found in POST data
2025-08-07 09:17:45 - Main plugin file: plugins_loaded action triggered
2025-08-07 09:17:45 - Main plugin file: Plugin class found, initializing...
2025-08-07 09:17:46 - FormHandler: Checking for form submission...
2025-08-07 09:17:46 - FormHandler: No action found in POST data
2025-08-07 09:17:56 - Main plugin file: plugins_loaded action triggered
2025-08-07 09:17:56 - Main plugin file: Plugin class found, initializing...
2025-08-07 09:17:56 - FormHandler: Checking for form submission...
2025-08-07 09:17:56 - FormHandler: No action found in POST data
2025-08-07 09:18:08 - Main plugin file: plugins_loaded action triggered
2025-08-07 09:18:08 - Main plugin file: Plugin class found, initializing...
2025-08-07 09:18:08 - FormHandler: Checking for form submission...
2025-08-07 09:18:08 - FormHandler: No action found in POST data
2025-08-07 09:19:45 - Main plugin file: plugins_loaded action triggered
2025-08-07 09:19:45 - Main plugin file: Plugin class found, initializing...
2025-08-07 09:19:46 - FormHandler: Checking for form submission...
2025-08-07 09:19:46 - FormHandler: No action found in POST data
2025-08-07 09:19:50 - Main plugin file: plugins_loaded action triggered
2025-08-07 09:19:50 - Main plugin file: Plugin class found, initializing...
2025-08-07 09:19:50 - FormHandler: Checking for form submission...
2025-08-07 09:19:50 - FormHandler: No action found in POST data
2025-08-07 09:19:50 - FormHandler: Checking for form submission...
2025-08-07 09:19:50 - FormHandler: No action found in POST data
2025-08-07 09:19:50 - Main plugin file: plugins_loaded action triggered
2025-08-07 09:19:50 - Main plugin file: Plugin class found, initializing...
2025-08-07 09:19:51 - Main plugin file: plugins_loaded action triggered
2025-08-07 09:19:51 - Main plugin file: Plugin class found, initializing...
2025-08-07 09:19:56 - Main plugin file: plugins_loaded action triggered
2025-08-07 09:19:56 - Main plugin file: Plugin class found, initializing...
2025-08-07 09:19:56 - FormHandler: Checking for form submission...
2025-08-07 09:19:56 - FormHandler: No action found in POST data
2025-08-07 09:19:57 - Main plugin file: plugins_loaded action triggered
2025-08-07 09:19:57 - Main plugin file: Plugin class found, initializing...
2025-08-07 09:19:57 - FormHandler: Checking for form submission...
2025-08-07 09:19:57 - FormHandler: No action found in POST data
2025-08-07 09:19:57 - FormHandler: Checking for form submission...
2025-08-07 09:19:57 - FormHandler: No action found in POST data
2025-08-07 09:19:58 - Main plugin file: plugins_loaded action triggered
2025-08-07 09:19:58 - Main plugin file: Plugin class found, initializing...
2025-08-07 09:19:58 - Main plugin file: plugins_loaded action triggered
2025-08-07 09:19:58 - Main plugin file: Plugin class found, initializing...
2025-08-07 09:20:00 - Main plugin file: plugins_loaded action triggered
2025-08-07 09:20:00 - Main plugin file: Plugin class found, initializing...
2025-08-07 09:20:01 - FormHandler: Checking for form submission...
2025-08-07 09:20:01 - FormHandler: No action found in POST data
2025-08-07 09:20:01 - FormHandler: Checking for form submission...
2025-08-07 09:20:01 - FormHandler: No action found in POST data
2025-08-07 09:20:01 - Main plugin file: plugins_loaded action triggered
2025-08-07 09:20:01 - Main plugin file: Plugin class found, initializing...
2025-08-07 09:20:02 - Main plugin file: plugins_loaded action triggered
2025-08-07 09:20:02 - Main plugin file: Plugin class found, initializing...
2025-08-07 09:20:08 - Main plugin file: plugins_loaded action triggered
2025-08-07 09:20:08 - Main plugin file: Plugin class found, initializing...
2025-08-07 09:20:08 - FormHandler: Checking for form submission...
2025-08-07 09:20:08 - FormHandler: No action found in POST data
2025-08-07 09:20:26 - Main plugin file: plugins_loaded action triggered
2025-08-07 09:20:26 - Main plugin file: Plugin class found, initializing...
2025-08-07 09:20:26 - FormHandler: Checking for form submission...
2025-08-07 09:20:26 - FormHandler: No action found in POST data
2025-08-07 09:20:26 - FormHandler: Checking for form submission...
2025-08-07 09:20:26 - FormHandler: No action found in POST data
2025-08-07 09:20:27 - Main plugin file: plugins_loaded action triggered
2025-08-07 09:20:27 - Main plugin file: Plugin class found, initializing...
2025-08-07 09:20:27 - Main plugin file: plugins_loaded action triggered
2025-08-07 09:20:27 - Main plugin file: Plugin class found, initializing...
2025-08-07 09:21:30 - Main plugin file: plugins_loaded action triggered
2025-08-07 09:21:30 - Main plugin file: Plugin class found, initializing...
2025-08-07 09:21:31 - FormHandler: Checking for form submission...
2025-08-07 09:21:31 - FormHandler: No action found in POST data
2025-08-07 09:21:59 - Main plugin file: plugins_loaded action triggered
2025-08-07 09:21:59 - Main plugin file: Plugin class found, initializing...
2025-08-07 09:21:59 - FormHandler: Checking for form submission...
2025-08-07 09:21:59 - FormHandler: No action found in POST data
2025-08-07 09:22:08 - Main plugin file: plugins_loaded action triggered
2025-08-07 09:22:08 - Main plugin file: Plugin class found, initializing...
2025-08-07 09:22:08 - FormHandler: Checking for form submission...
2025-08-07 09:22:08 - FormHandler: No action found in POST data
2025-08-07 09:22:30 - Main plugin file: plugins_loaded action triggered
2025-08-07 09:22:30 - Main plugin file: Plugin class found, initializing...
2025-08-07 09:22:30 - FormHandler: Checking for form submission...
2025-08-07 09:22:30 - FormHandler: No action found in POST data
2025-08-07 09:23:59 - Main plugin file: plugins_loaded action triggered
2025-08-07 09:23:59 - Main plugin file: Plugin class found, initializing...
2025-08-07 09:23:59 - FormHandler: Checking for form submission...
2025-08-07 09:23:59 - FormHandler: No action found in POST data
2025-08-07 09:24:08 - Main plugin file: plugins_loaded action triggered
2025-08-07 09:24:08 - Main plugin file: Plugin class found, initializing...
2025-08-07 09:24:08 - FormHandler: Checking for form submission...
2025-08-07 09:24:08 - FormHandler: No action found in POST data
2025-08-07 09:24:30 - Main plugin file: plugins_loaded action triggered
2025-08-07 09:24:30 - Main plugin file: Plugin class found, initializing...
2025-08-07 09:24:30 - FormHandler: Checking for form submission...
2025-08-07 09:24:30 - FormHandler: No action found in POST data
2025-08-07 09:53:15 - Main plugin file: plugins_loaded action triggered
2025-08-07 09:53:15 - Main plugin file: Plugin class found, initializing...
2025-08-07 09:53:17 - FormHandler: Checking for form submission...
2025-08-07 09:53:17 - FormHandler: No action found in POST data
2025-08-07 09:53:24 - Main plugin file: plugins_loaded action triggered
2025-08-07 09:53:24 - Main plugin file: Plugin class found, initializing...
2025-08-07 09:53:24 - FormHandler: Checking for form submission...
2025-08-07 09:53:24 - FormHandler: No action found in POST data
2025-08-07 10:55:18 - Main plugin file: plugins_loaded action triggered
2025-08-07 10:55:18 - Main plugin file: Plugin class found, initializing...
2025-08-07 10:55:21 - Main plugin file: plugins_loaded action triggered
2025-08-07 10:55:21 - Main plugin file: Plugin class found, initializing...
2025-08-07 10:55:23 - FormHandler: Checking for form submission...
2025-08-07 10:55:23 - FormHandler: No action found in POST data
2025-08-07 11:10:26 - Main plugin file: plugins_loaded action triggered
2025-08-07 11:10:26 - Main plugin file: Plugin class found, initializing...
2025-08-07 11:10:28 - FormHandler: Checking for form submission...
2025-08-07 11:10:28 - FormHandler: No action found in POST data
2025-08-07 11:10:28 - Main plugin file: plugins_loaded action triggered
2025-08-07 11:10:28 - Main plugin file: Plugin class found, initializing...
2025-08-07 11:10:29 - FormHandler: Checking for form submission...
2025-08-07 11:10:29 - FormHandler: No action found in POST data
2025-08-07 12:12:17 - Main plugin file: plugins_loaded action triggered
2025-08-07 12:12:17 - Main plugin file: Plugin class found, initializing...
2025-08-07 12:12:18 - Main plugin file: plugins_loaded action triggered
2025-08-07 12:12:18 - Main plugin file: Plugin class found, initializing...
2025-08-07 12:12:19 - FormHandler: Checking for form submission...
2025-08-07 12:12:19 - FormHandler: No action found in POST data
2025-08-07 12:26:48 - Main plugin file: plugins_loaded action triggered
2025-08-07 12:26:48 - Main plugin file: Plugin class found, initializing...
2025-08-07 12:26:49 - FormHandler: Checking for form submission...
2025-08-07 12:26:49 - FormHandler: No action found in POST data
2025-08-07 13:27:58 - Main plugin file: plugins_loaded action triggered
2025-08-07 13:27:58 - Main plugin file: Plugin class found, initializing...
2025-08-07 13:28:04 - Main plugin file: plugins_loaded action triggered
2025-08-07 13:28:04 - Main plugin file: Plugin class found, initializing...
2025-08-07 13:43:09 - FormHandler: Checking for form submission...
2025-08-07 13:43:09 - FormHandler: No action found in POST data
2025-08-07 13:43:09 - Main plugin file: plugins_loaded action triggered
2025-08-07 13:43:09 - Main plugin file: Plugin class found, initializing...
2025-08-07 13:43:10 - Main plugin file: plugins_loaded action triggered
2025-08-07 13:43:10 - Main plugin file: Plugin class found, initializing...
2025-08-07 13:43:10 - FormHandler: Checking for form submission...
2025-08-07 13:43:10 - FormHandler: No action found in POST data
2025-08-07 13:43:11 - FormHandler: Checking for form submission...
2025-08-07 13:43:11 - FormHandler: No action found in POST data
2025-08-07 13:43:12 - Main plugin file: plugins_loaded action triggered
2025-08-07 13:43:12 - Main plugin file: Plugin class found, initializing...
2025-08-07 13:43:12 - FormHandler: Checking for form submission...
2025-08-07 13:43:12 - FormHandler: No action found in POST data
2025-08-07 14:44:38 - Main plugin file: plugins_loaded action triggered
2025-08-07 14:44:38 - Main plugin file: Plugin class found, initializing...
2025-08-07 14:44:39 - Main plugin file: plugins_loaded action triggered
2025-08-07 14:44:39 - Main plugin file: Plugin class found, initializing...
2025-08-07 15:02:29 - Main plugin file: plugins_loaded action triggered
2025-08-07 15:02:29 - Main plugin file: Plugin class found, initializing...
2025-08-07 15:02:30 - FormHandler: Checking for form submission...
2025-08-07 15:02:30 - FormHandler: No action found in POST data
2025-08-07 15:02:31 - Main plugin file: plugins_loaded action triggered
2025-08-07 15:02:31 - Main plugin file: Plugin class found, initializing...
2025-08-07 15:02:31 - FormHandler: Checking for form submission...
2025-08-07 15:02:31 - FormHandler: No action found in POST data
2025-08-07 15:02:31 - FormHandler: Checking for form submission...
2025-08-07 15:02:31 - FormHandler: No action found in POST data
2025-08-07 15:02:32 - Main plugin file: plugins_loaded action triggered
2025-08-07 15:02:32 - Main plugin file: Plugin class found, initializing...
2025-08-07 15:02:33 - FormHandler: Checking for form submission...
2025-08-07 15:02:33 - FormHandler: No action found in POST data
2025-08-07 16:10:40 - Main plugin file: plugins_loaded action triggered
2025-08-07 16:10:40 - Main plugin file: Plugin class found, initializing...
2025-08-07 16:10:41 - Main plugin file: plugins_loaded action triggered
2025-08-07 16:10:41 - Main plugin file: Plugin class found, initializing...
2025-08-07 16:10:47 - FormHandler: Checking for form submission...
2025-08-07 16:10:47 - FormHandler: No action found in POST data
2025-08-07 16:10:47 - Main plugin file: plugins_loaded action triggered
2025-08-07 16:10:47 - Main plugin file: Plugin class found, initializing...
2025-08-07 16:10:47 - FormHandler: Checking for form submission...
2025-08-07 16:10:47 - FormHandler: No action found in POST data
2025-08-07 16:10:48 - Main plugin file: plugins_loaded action triggered
2025-08-07 16:10:48 - Main plugin file: Plugin class found, initializing...
2025-08-07 16:12:40 - Main plugin file: plugins_loaded action triggered
2025-08-07 16:12:40 - Main plugin file: Plugin class found, initializing...
2025-08-07 16:12:41 - FormHandler: Checking for form submission...
2025-08-07 16:12:41 - FormHandler: No action found in POST data
2025-08-07 16:12:41 - Main plugin file: plugins_loaded action triggered
2025-08-07 16:12:41 - Main plugin file: Plugin class found, initializing...
2025-08-07 16:12:41 - FormHandler: Checking for form submission...
2025-08-07 16:12:41 - FormHandler: No action found in POST data
2025-08-07 16:14:40 - Main plugin file: plugins_loaded action triggered
2025-08-07 16:14:40 - Main plugin file: Plugin class found, initializing...
2025-08-07 16:14:41 - FormHandler: Checking for form submission...
2025-08-07 16:14:41 - FormHandler: No action found in POST data
2025-08-07 16:14:41 - Main plugin file: plugins_loaded action triggered
2025-08-07 16:14:41 - Main plugin file: Plugin class found, initializing...
2025-08-07 16:14:41 - FormHandler: Checking for form submission...
2025-08-07 16:14:41 - FormHandler: No action found in POST data
2025-08-07 16:16:40 - Main plugin file: plugins_loaded action triggered
2025-08-07 16:16:40 - Main plugin file: Plugin class found, initializing...
2025-08-07 16:16:41 - FormHandler: Checking for form submission...
2025-08-07 16:16:41 - FormHandler: No action found in POST data
2025-08-07 16:16:41 - Main plugin file: plugins_loaded action triggered
2025-08-07 16:16:41 - Main plugin file: Plugin class found, initializing...
2025-08-07 16:16:41 - FormHandler: Checking for form submission...
2025-08-07 16:16:41 - FormHandler: No action found in POST data
2025-08-07 16:17:09 - Main plugin file: plugins_loaded action triggered
2025-08-07 16:17:09 - Main plugin file: Plugin class found, initializing...
2025-08-07 16:17:10 - FormHandler: Checking for form submission...
2025-08-07 16:17:10 - FormHandler: No action found in POST data
2025-08-07 16:17:13 - Main plugin file: plugins_loaded action triggered
2025-08-07 16:17:13 - Main plugin file: Plugin class found, initializing...
2025-08-07 16:17:13 - FormHandler: Checking for form submission...
2025-08-07 16:17:13 - FormHandler: No action found in POST data
2025-08-07 16:17:13 - FormHandler: Checking for form submission...
2025-08-07 16:17:13 - FormHandler: No action found in POST data
2025-08-07 16:17:13 - Main plugin file: plugins_loaded action triggered
2025-08-07 16:17:13 - Main plugin file: Plugin class found, initializing...
2025-08-07 16:17:14 - Main plugin file: plugins_loaded action triggered
2025-08-07 16:17:14 - Main plugin file: Plugin class found, initializing...
